Chain 1:	enjoyment(1)
Chain 2:	homes(2) ,  cat(2) ,  house(2)
Chain 3:	owners(1) ,  house(2)
Chain 4:	ancestors(1) ,  ancestor(1)
Chain 5:	animals(1) ,  cat(2)
Chain 6:	companionship(1)
Chain 7:	people(4) ,  population(1) ,  light(1)
Chain 8:	pet(1)
Chain 9:	kittens(1)
Chain 10:	question(1) ,  subject(1)
Chain 11:	contact(1)
Chain 12:	reasons(1) ,  reason(1)
Chain 13:	farms(1)
Chain 14:	cats(6)
Chain 15:	lions(1)
Chain 16:	questions(1)
Chain 17:	world(1) ,  people(4)
Chain 18:	mice(1)
Chain 19:	mouse(1)
Chain 20:	fact(1)
Chain 21:	barn(1)

Chain 1:	days(1) ,  night(1)
Chain 2:	yard(1)
Chain 3:	mangy(1)
Chain 4:	dishes(1) ,  law(1)
Chain 5:	middle(1)
Chain 6:	food(1)
Chain 7:	cats(1)
Chain 8:	dollars(1)
Chain 9:	forty(1)
Chain 10:	litterbox(1)
Chain 11:	cat(2)
Chain 12:	covers(1) ,  lot(2)
Chain 13:	society(1) ,  friend(1)
Chain 14:	litter(1)
Chain 15:	pound(1)
Chain 16:	warden(1)
Chain 17:	animal(1) ,  lot(2)
Chain 18:	wakes(1)
Chain 19:	home(2)
Chain 20:	humane(1)
Chain 21:	leash(1)

Chain 1:	passages(1) ,  text(4) ,  part(1)
Chain 2:	phenomenon(1) ,  process(1)
Chain 3:	text(4) ,  language(1)
Chain 4:	reiteration(1)
Chain 5:	surface(1)
Chain 6:	sentences(1) ,  words(2) ,  term(1) ,  topic(1)
Chain 7:	quality(1) ,  text(4)
Chain 8:	superordinate(1)
Chain 9:	spell(1)
Chain 10:	relations(1)
Chain 11:	unity(1)
Chain 12:	identification(1)
Chain 13:	connectedness(1) ,  cohesion(5)
Chain 14:	chains(1) ,  mation(1)
Chain 15:	segmentation(1)
Chain 16:	arises(1)
Chain 17:	sense(1)
Chain 18:	chaining(1)
Chain 19:	checking(1)
Chain 20:	processing(1)
Chain 21:	applications(1)
Chain 22:	construction(1)
Chain 23:	threads(1)
Chain 24:	words(2) ,  text(4)
Chain 25:	properties(1)
Chain 26:	summarization(1)
Chain 27:	synonym(1)
Chain 28:	intelligent(1)
Chain 29:	devices(2) ,  set(1)
Chain 30:	retrieval(1)
Chain 31:	cohesion(5)
Chain 32:	example(1) ,  representation(1)

