Chain 1:	homes(2) ,  cat(2) ,  house(2)
Chain 2:	owners(1) ,  house(2)
Chain 3:	ancestors(1) ,  ancestor(1)
Chain 4:	companionship(1)
Chain 5:	people(4) ,  population(1) ,  light(1)
Chain 6:	pet(1) ,  animals(1)
Chain 7:	kittens(1)
Chain 8:	question(1) ,  subject(1)
Chain 9:	contact(1) ,  cat(2)
Chain 10:	enjoyment(1)
Chain 11:	farms(1)
Chain 12:	cats(6) ,  lions(1)
Chain 13:	questions(1)
Chain 14:	world(1) ,  people(4)
Chain 15:	mice(1)
Chain 16:	mouse(1)
Chain 17:	fact(1) ,  reasons(1) ,  reason(1)
Chain 18:	barn(1)

Chain 1:	days(1) ,  night(1)
Chain 2:	yard(1)
Chain 3:	mangy(1)
Chain 4:	covers(1)
Chain 5:	middle(1)
Chain 6:	food(1) ,  dishes(1)
Chain 7:	cats(1)
Chain 8:	dollars(1)
Chain 9:	forty(1)
Chain 10:	litterbox(1)
Chain 11:	cat(2) ,  animal(1)
Chain 12:	society(1) ,  friend(1)
Chain 13:	litter(1)
Chain 14:	pound(1)
Chain 15:	warden(1) ,  law(1)
Chain 16:	lot(2)
Chain 17:	wakes(1)
Chain 18:	home(2)
Chain 19:	humane(1)
Chain 20:	leash(1)

Chain 1:	passages(1) ,  text(4) ,  part(1) ,  process(1)
Chain 2:	phenomenon(1) ,  cohesion(5)
Chain 3:	text(4) ,  language(1)
Chain 4:	reiteration(1)
Chain 5:	surface(1) ,  devices(2)
Chain 6:	arises(1)
Chain 7:	sense(1)
Chain 8:	quality(1) ,  unity(1) ,  properties(1) ,  text(4)
Chain 9:	superordinate(1) ,  words(2)
Chain 10:	identification(1) ,  words(2) ,  term(1)
Chain 11:	connectedness(1) ,  cohesion(5) ,  relations(1)
Chain 12:	intelligent(1)
Chain 13:	segmentation(1)
Chain 14:	processing(1) ,  retrieval(1)
Chain 15:	chaining(1)
Chain 16:	checking(1)
Chain 17:	spell(1)
Chain 18:	applications(1)
Chain 19:	construction(1)
Chain 20:	sentences(1) ,  topic(1)
Chain 21:	summarization(1)
Chain 22:	synonym(1)
Chain 23:	devices(2) ,  set(1) ,  chains(1) ,  threads(1)
Chain 24:	cohesion(5)
Chain 25:	example(1) ,  representation(1) ,  mation(1)

